[debug] [2021-01-26T17:56:08.486Z] ----------------------------------------------------------------------
[debug] [2021-01-26T17:56:08.490Z] Command:       C:\Program Files\nodejs\node.exe C:\Program Files\nodejs\node_modules\firebase-tools\lib\bin\firebase.js deploy --only hosting
[debug] [2021-01-26T17:56:08.490Z] CLI Version:   8.17.0
[debug] [2021-01-26T17:56:08.490Z] Platform:      win32
[debug] [2021-01-26T17:56:08.491Z] Node Version:  v12.13.0
[debug] [2021-01-26T17:56:08.492Z] Time:          Tue Jan 26 2021 19:56:08 GMT+0200 (Eastern European Standard Time)
[debug] [2021-01-26T17:56:08.492Z] ----------------------------------------------------------------------
[debug] [2021-01-26T17:56:08.493Z] 
[debug] [2021-01-26T17:56:08.505Z] > command requires scopes: ["email","openid","https://www.googleapis.com/auth/cloudplatformprojects.readonly","https://www.googleapis.com/auth/firebase","https://www.googleapis.com/auth/cloud-platform"]
[debug] [2021-01-26T17:56:08.506Z] > authorizing via signed-in user
[debug] [2021-01-26T17:56:08.506Z] [iam] checking project e-commerce-app-f109f for permissions ["firebase.projects.get","firebasehosting.sites.update"]
[debug] [2021-01-26T17:56:08.512Z] > refreshing access token with scopes: ["email","https://www.googleapis.com/auth/cloud-platform","https://www.googleapis.com/auth/cloudplatformprojects.readonly","https://www.googleapis.com/auth/firebase","openid"]
[debug] [2021-01-26T17:56:08.512Z] >>> HTTP REQUEST POST https://www.googleapis.com/oauth2/v3/token  
 <request body omitted>
[debug] [2021-01-26T17:56:08.912Z] <<< HTTP RESPONSE 200 {"pragma":"no-cache","expires":"Mon, 01 Jan 1990 00:00:00 GMT","cache-control":"no-cache, no-store, max-age=0, must-revalidate","date":"Tue, 26 Jan 2021 17:56:08 GMT","content-type":"application/json; charset=utf-8","vary":"X-Origin, Referer, Origin,Accept-Encoding","server":"scaffolding on HTTPServer2","x-xss-protection":"0","x-frame-options":"SAMEORIGIN","x-content-type-options":"nosniff","alt-svc":"h3-29=\":443\"; ma=2592000,h3-T051=\":443\"; ma=2592000,h3-Q050=\":443\"; ma=2592000,h3-Q046=\":443\"; ma=2592000,h3-Q043=\":443\"; ma=2592000,quic=\":443\"; ma=2592000; v=\"46,43\"","accept-ranges":"none","transfer-encoding":"chunked"}
[debug] [2021-01-26T17:56:08.967Z] >>> HTTP REQUEST POST https://cloudresourcemanager.googleapis.com/v1/projects/e-commerce-app-f109f:testIamPermissions  
 {"permissions":["firebase.projects.get","firebasehosting.sites.update"]}
[debug] [2021-01-26T17:56:09.975Z] <<< HTTP RESPONSE 200 {"content-type":"application/json; charset=UTF-8","vary":"X-Origin, Referer, Origin,Accept-Encoding","date":"Tue, 26 Jan 2021 17:56:09 GMT","server":"ESF","cache-control":"private","x-xss-protection":"0","x-frame-options":"SAMEORIGIN","x-content-type-options":"nosniff","server-timing":"gfet4t7; dur=645","alt-svc":"h3-29=\":443\"; ma=2592000,h3-T051=\":443\"; ma=2592000,h3-Q050=\":443\"; ma=2592000,h3-Q046=\":443\"; ma=2592000,h3-Q043=\":443\"; ma=2592000,quic=\":443\"; ma=2592000; v=\"46,43\"","accept-ranges":"none","transfer-encoding":"chunked"}
[debug] [2021-01-26T17:56:09.981Z] >>> HTTP REQUEST GET https://firebase.googleapis.com/v1beta1/projects/e-commerce-app-f109f  
 
[debug] [2021-01-26T17:56:10.525Z] <<< HTTP RESPONSE 200 {"content-type":"application/json; charset=UTF-8","vary":"X-Origin, Referer, Origin,Accept-Encoding","date":"Tue, 26 Jan 2021 17:56:10 GMT","server":"ESF","cache-control":"private","x-xss-protection":"0","x-frame-options":"SAMEORIGIN","x-content-type-options":"nosniff","alt-svc":"h3-29=\":443\"; ma=2592000,h3-T051=\":443\"; ma=2592000,h3-Q050=\":443\"; ma=2592000,h3-Q046=\":443\"; ma=2592000,h3-Q043=\":443\"; ma=2592000,quic=\":443\"; ma=2592000; v=\"46,43\"","accept-ranges":"none","transfer-encoding":"chunked"}
[info] 
[info] === Deploying to 'e-commerce-app-f109f'...
[info] 
[info] i  deploying hosting 
[debug] [2021-01-26T17:56:10.545Z] >>> HTTP REQUEST POST https://firebasehosting.googleapis.com/v1beta1/sites/e-commerce-app-f109f/versions  
 {"config":{"rewrites":[{"glob":"**","path":"/index.html"}]},"labels":{"deployment-tool":"cli-firebase"}}
[debug] [2021-01-26T17:56:11.781Z] <<< HTTP RESPONSE 200 {"content-type":"application/json; charset=UTF-8","vary":"X-Origin, Referer, Origin,Accept-Encoding","date":"Tue, 26 Jan 2021 17:56:11 GMT","server":"ESF","cache-control":"private","x-xss-protection":"0","x-frame-options":"SAMEORIGIN","x-content-type-options":"nosniff","alt-svc":"h3-29=\":443\"; ma=2592000,h3-T051=\":443\"; ma=2592000,h3-Q050=\":443\"; ma=2592000,h3-Q046=\":443\"; ma=2592000,h3-Q043=\":443\"; ma=2592000,quic=\":443\"; ma=2592000; v=\"46,43\"","accept-ranges":"none","transfer-encoding":"chunked"}
[info] i  hosting[e-commerce-app-f109f]: beginning deploy... 
[info] i  hosting[e-commerce-app-f109f]: found 54 files in build 
[debug] [2021-01-26T17:56:11.855Z] > refreshing access token with scopes: []
[debug] [2021-01-26T17:56:11.856Z] >>> HTTP REQUEST POST https://www.googleapis.com/oauth2/v3/token  
 <request body omitted>
[debug] [2021-01-26T17:56:11.866Z] [hosting] hash cache [YnVpbGQ] stored for 54 files
[debug] [2021-01-26T17:56:11.866Z] [hosting][hash queue][FINAL] {"max":13,"min":0,"avg":0.9423223345470444,"active":0,"complete":54,"success":54,"errored":0,"retried":0,"total":54,"elapsed":26}
[debug] [2021-01-26T17:56:12.176Z] <<< HTTP RESPONSE 200 {"pragma":"no-cache","expires":"Mon, 01 Jan 1990 00:00:00 GMT","cache-control":"no-cache, no-store, max-age=0, must-revalidate","date":"Tue, 26 Jan 2021 17:56:12 GMT","content-type":"application/json; charset=utf-8","vary":"X-Origin, Referer, Origin,Accept-Encoding","server":"scaffolding on HTTPServer2","x-xss-protection":"0","x-frame-options":"SAMEORIGIN","x-content-type-options":"nosniff","alt-svc":"h3-29=\":443\"; ma=2592000,h3-T051=\":443\"; ma=2592000,h3-Q050=\":443\"; ma=2592000,h3-Q046=\":443\"; ma=2592000,h3-Q043=\":443\"; ma=2592000,quic=\":443\"; ma=2592000; v=\"46,43\"","accept-ranges":"none","transfer-encoding":"chunked"}
[debug] [2021-01-26T17:56:12.259Z] >>> [apiv2][query] POST https://firebasehosting.googleapis.com/v1beta1/sites/e-commerce-app-f109f/versions/ba6bc14f698161ad:populateFiles [none]
[debug] [2021-01-26T17:56:12.260Z] >>> [apiv2][body] POST https://firebasehosting.googleapis.com/v1beta1/sites/e-commerce-app-f109f/versions/ba6bc14f698161ad:populateFiles {"files":{"/asset-manifest.json":"5aba76c5f26ed79cfdb66df725f6da894f527795b61f4239a3c9b51274370050","/favicon.ico":"d28e68c1df4f276f20a1e992c3e272404bd0c120a3b0167039c19476995cbce0","/index.html":"747a94950f772008204a28c99ac1e5fc6bb2b83127b9a4bb58dd88a69dd382db","/logo192.png":"3ee59515172ee198f3be375979df15ac5345183e656720a381b8872b2a39dc8b","/logo512.png":"ee7e2f3fdb8209c4b6fd7bef6ba50d1b9dba30a25bb5c3126df057e1cb6f5331","/manifest.json":"aff3449bdc238776f5d6d967f19ec491b36aed5fb7f23ccff6500736fd58494a","/robots.txt":"bfe106a3fb878dc83461c86818bf74fc1bdc7f28538ba613cd3e775516ce8b49","/shop.ico":"1fb64050b285cc093b8d0129ef6895cc1f0c2391fe7ca177a6ebd7cdeb84e569","/static/css/2.a0cad766.chunk.css":"c21861917b0d1a66bedafdead61234db1cd6cae8a3834d50de0e3b427691825b","/static/css/2.a0cad766.chunk.css.map":"d72b1f1b293fc34518b8d8a4eed679bbac3ea9a8381c34f75be808a771adf42f","/static/css/main.28cc995e.chunk.css":"7bc4f7ada221374685f0595b2a4c0bb64eaa06c0eea76db1bdbe304ad489a8e9","/static/css/main.28cc995e.chunk.css.map":"eecf4459b3a4283b9b3a0e330d8d7505bf65ae1717aa6b93f88117cdf158edb1","/static/js/2.5a8ed9c7.chunk.js":"c540e87dfce5ce23171476cddb0dd38aa0b043c6f31c80872964ea06a9847d1d","/static/js/2.5a8ed9c7.chunk.js.LICENSE.txt":"d02d5cf6120f7289b6e3e062603051385712350f2d7fe31d790252e25235dc72","/static/js/2.5a8ed9c7.chunk.js.map":"4cb373fc898358891da7764398d541d147ea7e5e879393a6f4e11796280118ce","/static/js/main.98bb039e.chunk.js":"e4f00e77baca2711d6c7fa3c64259585ecbeedb97032630d1739f640c63d5630","/static/js/main.98bb039e.chunk.js.map":"6d7134d9f65cdbfeaeb88e41751953046485a567aed2ddf39ac831b8c8efecab","/static/js/runtime-main.10affbdc.js":"74e1cc92e86a8bf323e7361e612a71d1253105280c2cb4c604bfcb983060536d","/static/js/runtime-main.10affbdc.js.map":"40e4b8175439c163440dbd9c041869a618b709992a70207e08577f9f698b6911","/static/media/americanexpress.f094ecf9.svg":"006c9b2677f46519166b234f0084f260085e05d9e21f3727f03d24b96607c6cd","/static/media/brand-icons.278156e4.woff2":"2ebbe7de3783c3949604a06fb9beb1d27c9d7cf7e0aaadc0d9f72e57247b33b9","/static/media/brand-icons.65a2fb6d.ttf":"a0d070cd406c91f7683eaf22448700e0b3cd64bb2d25c3150ae20d6262a92968","/static/media/brand-icons.6729d297.svg":"cb9ac3cd861d77606ea1e569ec141086c60fe1b05720496f2c7f0eae28465876","/static/media/brand-icons.cac87dc0.woff":"bc54b585b11b205c8ed78d35af421d3125806b197e33a48a311851e6d3375c7e","/static/media/brand-icons.d68fa3e6.eot":"48d842cdbab9d537d4d90d6e1cd9271f8a2abb420d2456d03443b6a62ab0c39c","/static/media/flags.99f63ae7.png":"cac524e90c64beae88adf680a1f95222e8c6b06f58287e154f07b15cef6e86e9","/static/media/icons.38c6d8ba.woff2":"6160eb4d1b1a5d3b82b3d72eb36e6452386bf3b9b793c104c8e002d9aca791c9","/static/media/icons.425399f8.woff":"cf858e669dd53b1392bedff9f8bb6d56622872a2ca2a1dc87bc0a3bd03458e5e","/static/media/icons.62d9dae4.svg":"639b544f1f822b2b8dd3a2c6ec6c4bab8831e18321fc17195597e303b806d146","/static/media/icons.a01e3f2d.eot":"c0054eb39461c278e6d5cc139366fe4a3719c16399a2f8093ecb1a8e7ddb33e9","/static/media/icons.c656b8ca.ttf":"28e24b8ace4febd9f94823317035c32dc567c64ff8ac7e746af45e1c21dc3eff","/static/media/image1.1cbbd2df.jpg":"c9d0b869b7b3f452f1028fb965e2a3c4a9774cb3daa7eacda705e06629f7578a","/static/media/image10.6a46b493.jpg":"d60bb38e9ab55907663cb6a841c235ea6e9be119589701957450a0fd9bd9945f","/static/media/image2.1c57009d.jpg":"83f7be3f27ab8633b8a9604dfa0d94a5fa9104e904c2b9167eb23d9acbae2637","/static/media/image3.cb9ecc8c.jpg":"5fb9544db2b13c15048ef588c03921b4b1d9488345c80c876a96c77f5d2fda72","/static/media/image4.60cf4e82.jpg":"0f712b18582e4e49522cc4163bde61d85137c0fe221d4c4bae9c499f08e53911","/static/media/image5.ade2513b.jpg":"8014364ed7ae1ae37d82ec2c84f78b443fcaf2449d1fa434be703f09c1e05775","/static/media/image6.6ad6e547.jpg":"4f20407416777bc87842ea07cf8b53f91e2210d0006574482e6374c9eaa81a1a","/static/media/image7.0c91c2b4.jpg":"41a20f2a70f2f3cb34c42f170a54a526541c92f8103c66febb668a0a76e6a56e","/static/media/image8.0a885386.jpg":"029dad5ff469bea5e78cbf6e07844f2071adf2ce77389afd5529e88095e19389","/static/media/image9.f96893a5.jpg":"133a43438865b3972704457d07107b44e1a08eeeed809f25530a69ac530eeab5","/static/media/mastercard.7e382641.svg":"8ba29310282a6cb5dddbb605901b43afbade04c04c3b321b4659a50d1945676c","/static/media/outline-icons.53671035.ttf":"32e73c77d4d2493e85eba07b5d78f5d9dce40c3963f058a85d64889e298a2006","/static/media/outline-icons.687a4990.woff2":"2d89a0faf29706d4b6638ed18f599eef886b74bc0220f1515da12bc156ed7282","/static/media/outline-icons.752905fa.eot":"145a45b76068d4888605c06dfa228697fd81dc70421dd8ab69788e76b33b139a","/static/media/outline-icons.9c4845b4.svg":"bc4b3fad701e9901f04a655687ac130024a87230db6c5dac6809fd8416bb2cba","/static/media/outline-icons.ddae9b1b.woff":"ab55aa410cd37e4558b5f08ed994df507363e040bcebaa508f701a7423b0e001","/static/media/paypal.f7a41c80.svg":"b0078ee5784fcd71cf5b1e0ddd516c70ff07f66c3f4a90a4507b3243164258a9","/static/media/slick.2630a3e3.svg":"d00477d40ed40fa1dd3bdee27d9286804121b15fea83bae7d5415d902b055de0","/static/media/slick.29518378.woff":"029a727c9e1081d2f9e1015f02f18da88f268512ea4f58589a6f17f532928530","/static/media/slick.a4e97f5a.eot":"52b9a169969e053d43df6bd21c4dc789c2518d99afd8590a17ef50cd24c77cf6","/static/media/slick.c94f7671.ttf":"6aad751007cf9a89350af287f824ab64f096c472c7c9c679fb3d55b6174fc004","/static/media/unionpay.4b59c5cf.svg":"8a8a370b79b8de98915ceb90bd6a1849ad4f3de3156eb1677f554056857a6fcb","/static/media/visa.5d7d9bb6.svg":"f0258ab2d0721e1fa123f02359f751a3edd43d3c69c69cc44cefe9a96d5999aa"}}
[debug] [2021-01-26T17:56:13.741Z] <<< [apiv2][status] POST https://firebasehosting.googleapis.com/v1beta1/sites/e-commerce-app-f109f/versions/ba6bc14f698161ad:populateFiles 200
[debug] [2021-01-26T17:56:13.741Z] <<< [apiv2][body] POST https://firebasehosting.googleapis.com/v1beta1/sites/e-commerce-app-f109f/versions/ba6bc14f698161ad:populateFiles {"uploadRequiredHashes":["e4f00e77baca2711d6c7fa3c64259585ecbeedb97032630d1739f640c63d5630","6d7134d9f65cdbfeaeb88e41751953046485a567aed2ddf39ac831b8c8efecab","4cb373fc898358891da7764398d541d147ea7e5e879393a6f4e11796280118ce"],"uploadUrl":"https://upload-firebasehosting.googleapis.com/upload/sites/e-commerce-app-f109f/versions/ba6bc14f698161ad/files"}
[debug] [2021-01-26T17:56:13.746Z] >>> [apiv2][query] POST https://upload-firebasehosting.googleapis.com/upload/sites/e-commerce-app-f109f/versions/ba6bc14f698161ad/files/e4f00e77baca2711d6c7fa3c64259585ecbeedb97032630d1739f640c63d5630 [none]
[debug] [2021-01-26T17:56:13.746Z] >>> [apiv2][body] POST https://upload-firebasehosting.googleapis.com/upload/sites/e-commerce-app-f109f/versions/ba6bc14f698161ad/files/e4f00e77baca2711d6c7fa3c64259585ecbeedb97032630d1739f640c63d5630 [stream]
[debug] [2021-01-26T17:56:13.749Z] >>> [apiv2][query] POST https://upload-firebasehosting.googleapis.com/upload/sites/e-commerce-app-f109f/versions/ba6bc14f698161ad/files/6d7134d9f65cdbfeaeb88e41751953046485a567aed2ddf39ac831b8c8efecab [none]
[debug] [2021-01-26T17:56:13.749Z] >>> [apiv2][body] POST https://upload-firebasehosting.googleapis.com/upload/sites/e-commerce-app-f109f/versions/ba6bc14f698161ad/files/6d7134d9f65cdbfeaeb88e41751953046485a567aed2ddf39ac831b8c8efecab [stream]
[debug] [2021-01-26T17:56:13.751Z] >>> [apiv2][query] POST https://upload-firebasehosting.googleapis.com/upload/sites/e-commerce-app-f109f/versions/ba6bc14f698161ad/files/4cb373fc898358891da7764398d541d147ea7e5e879393a6f4e11796280118ce [none]
[debug] [2021-01-26T17:56:13.751Z] >>> [apiv2][body] POST https://upload-firebasehosting.googleapis.com/upload/sites/e-commerce-app-f109f/versions/ba6bc14f698161ad/files/4cb373fc898358891da7764398d541d147ea7e5e879393a6f4e11796280118ce [stream]
[debug] [2021-01-26T17:56:13.752Z] [hosting][populate queue][FINAL] {"max":1891,"min":1891,"avg":1891,"active":0,"complete":1,"success":1,"errored":0,"retried":0,"total":1,"elapsed":1897}
[debug] [2021-01-26T17:56:13.752Z] [hosting] uploads queued: 3
[debug] [2021-01-26T17:58:59.604Z] ----------------------------------------------------------------------
[debug] [2021-01-26T17:58:59.607Z] Command:       C:\Program Files\nodejs\node.exe C:\Program Files\nodejs\node_modules\firebase-tools\lib\bin\firebase.js deploy --only hosting
[debug] [2021-01-26T17:58:59.607Z] CLI Version:   8.17.0
[debug] [2021-01-26T17:58:59.607Z] Platform:      win32
[debug] [2021-01-26T17:58:59.607Z] Node Version:  v12.13.0
[debug] [2021-01-26T17:58:59.608Z] Time:          Tue Jan 26 2021 19:58:59 GMT+0200 (Eastern European Standard Time)
[debug] [2021-01-26T17:58:59.609Z] ----------------------------------------------------------------------
[debug] [2021-01-26T17:58:59.609Z] 
[debug] [2021-01-26T17:58:59.619Z] > command requires scopes: ["email","openid","https://www.googleapis.com/auth/cloudplatformprojects.readonly","https://www.googleapis.com/auth/firebase","https://www.googleapis.com/auth/cloud-platform"]
[debug] [2021-01-26T17:58:59.620Z] > authorizing via signed-in user
[debug] [2021-01-26T17:58:59.620Z] [iam] checking project e-commerce-app-f109f for permissions ["firebase.projects.get","firebasehosting.sites.update"]
[debug] [2021-01-26T17:58:59.624Z] > refreshing access token with scopes: ["email","https://www.googleapis.com/auth/cloud-platform","https://www.googleapis.com/auth/cloudplatformprojects.readonly","https://www.googleapis.com/auth/firebase","openid"]
[debug] [2021-01-26T17:58:59.624Z] >>> HTTP REQUEST POST https://www.googleapis.com/oauth2/v3/token  
 <request body omitted>
[debug] [2021-01-26T17:59:00.018Z] <<< HTTP RESPONSE 200 {"expires":"Mon, 01 Jan 1990 00:00:00 GMT","cache-control":"no-cache, no-store, max-age=0, must-revalidate","pragma":"no-cache","date":"Tue, 26 Jan 2021 17:59:00 GMT","content-type":"application/json; charset=utf-8","vary":"X-Origin, Referer, Origin,Accept-Encoding","server":"scaffolding on HTTPServer2","x-xss-protection":"0","x-frame-options":"SAMEORIGIN","x-content-type-options":"nosniff","alt-svc":"h3-29=\":443\"; ma=2592000,h3-T051=\":443\"; ma=2592000,h3-Q050=\":443\"; ma=2592000,h3-Q046=\":443\"; ma=2592000,h3-Q043=\":443\"; ma=2592000,quic=\":443\"; ma=2592000; v=\"46,43\"","accept-ranges":"none","transfer-encoding":"chunked"}
[debug] [2021-01-26T17:59:00.082Z] >>> HTTP REQUEST POST https://cloudresourcemanager.googleapis.com/v1/projects/e-commerce-app-f109f:testIamPermissions  
 {"permissions":["firebase.projects.get","firebasehosting.sites.update"]}
[debug] [2021-01-26T17:59:00.995Z] <<< HTTP RESPONSE 200 {"content-type":"application/json; charset=UTF-8","vary":"X-Origin, Referer, Origin,Accept-Encoding","date":"Tue, 26 Jan 2021 17:59:01 GMT","server":"ESF","cache-control":"private","x-xss-protection":"0","x-frame-options":"SAMEORIGIN","x-content-type-options":"nosniff","server-timing":"gfet4t7; dur=644","alt-svc":"h3-29=\":443\"; ma=2592000,h3-T051=\":443\"; ma=2592000,h3-Q050=\":443\"; ma=2592000,h3-Q046=\":443\"; ma=2592000,h3-Q043=\":443\"; ma=2592000,quic=\":443\"; ma=2592000; v=\"46,43\"","accept-ranges":"none","transfer-encoding":"chunked"}
[debug] [2021-01-26T17:59:00.996Z] >>> HTTP REQUEST GET https://firebase.googleapis.com/v1beta1/projects/e-commerce-app-f109f  
 
[debug] [2021-01-26T17:59:01.435Z] <<< HTTP RESPONSE 200 {"content-type":"application/json; charset=UTF-8","vary":"X-Origin, Referer, Origin,Accept-Encoding","date":"Tue, 26 Jan 2021 17:59:01 GMT","server":"ESF","cache-control":"private","x-xss-protection":"0","x-frame-options":"SAMEORIGIN","x-content-type-options":"nosniff","alt-svc":"h3-29=\":443\"; ma=2592000,h3-T051=\":443\"; ma=2592000,h3-Q050=\":443\"; ma=2592000,h3-Q046=\":443\"; ma=2592000,h3-Q043=\":443\"; ma=2592000,quic=\":443\"; ma=2592000; v=\"46,43\"","accept-ranges":"none","transfer-encoding":"chunked"}
[info] 
[info] === Deploying to 'e-commerce-app-f109f'...
[info] 
[info] i  deploying hosting 
[debug] [2021-01-26T17:59:01.461Z] >>> HTTP REQUEST POST https://firebasehosting.googleapis.com/v1beta1/sites/e-commerce-app-f109f/versions  
 {"config":{"rewrites":[{"glob":"**","path":"/index.html"}]},"labels":{"deployment-tool":"cli-firebase"}}
[debug] [2021-01-26T17:59:03.134Z] <<< HTTP RESPONSE 200 {"content-type":"application/json; charset=UTF-8","vary":"X-Origin, Referer, Origin,Accept-Encoding","date":"Tue, 26 Jan 2021 17:59:03 GMT","server":"ESF","cache-control":"private","x-xss-protection":"0","x-frame-options":"SAMEORIGIN","x-content-type-options":"nosniff","alt-svc":"h3-29=\":443\"; ma=2592000,h3-T051=\":443\"; ma=2592000,h3-Q050=\":443\"; ma=2592000,h3-Q046=\":443\"; ma=2592000,h3-Q043=\":443\"; ma=2592000,quic=\":443\"; ma=2592000; v=\"46,43\"","accept-ranges":"none","transfer-encoding":"chunked"}
[info] i  hosting[e-commerce-app-f109f]: beginning deploy... 
[info] i  hosting[e-commerce-app-f109f]: found 54 files in build 
[debug] [2021-01-26T17:59:03.213Z] > refreshing access token with scopes: []
[debug] [2021-01-26T17:59:03.214Z] >>> HTTP REQUEST POST https://www.googleapis.com/oauth2/v3/token  
 <request body omitted>
[debug] [2021-01-26T17:59:03.217Z] [hosting] hash cache [YnVpbGQ] stored for 54 files
[debug] [2021-01-26T17:59:03.218Z] [hosting][hash queue][FINAL] {"max":8,"min":0,"avg":0.07615457397348578,"active":0,"complete":54,"success":54,"errored":0,"retried":0,"total":54,"elapsed":15}
[debug] [2021-01-26T17:59:03.540Z] <<< HTTP RESPONSE 200 {"cache-control":"no-cache, no-store, max-age=0, must-revalidate","pragma":"no-cache","expires":"Mon, 01 Jan 1990 00:00:00 GMT","date":"Tue, 26 Jan 2021 17:59:03 GMT","content-type":"application/json; charset=utf-8","vary":"X-Origin, Referer, Origin,Accept-Encoding","server":"scaffolding on HTTPServer2","x-xss-protection":"0","x-frame-options":"SAMEORIGIN","x-content-type-options":"nosniff","alt-svc":"h3-29=\":443\"; ma=2592000,h3-T051=\":443\"; ma=2592000,h3-Q050=\":443\"; ma=2592000,h3-Q046=\":443\"; ma=2592000,h3-Q043=\":443\"; ma=2592000,quic=\":443\"; ma=2592000; v=\"46,43\"","accept-ranges":"none","transfer-encoding":"chunked"}
[debug] [2021-01-26T17:59:04.367Z] >>> [apiv2][query] POST https://firebasehosting.googleapis.com/v1beta1/sites/e-commerce-app-f109f/versions/ca819c8a85a452a1:populateFiles [none]
[debug] [2021-01-26T17:59:04.368Z] >>> [apiv2][body] POST https://firebasehosting.googleapis.com/v1beta1/sites/e-commerce-app-f109f/versions/ca819c8a85a452a1:populateFiles {"files":{"/asset-manifest.json":"5aba76c5f26ed79cfdb66df725f6da894f527795b61f4239a3c9b51274370050","/favicon.ico":"d28e68c1df4f276f20a1e992c3e272404bd0c120a3b0167039c19476995cbce0","/index.html":"747a94950f772008204a28c99ac1e5fc6bb2b83127b9a4bb58dd88a69dd382db","/logo192.png":"3ee59515172ee198f3be375979df15ac5345183e656720a381b8872b2a39dc8b","/logo512.png":"ee7e2f3fdb8209c4b6fd7bef6ba50d1b9dba30a25bb5c3126df057e1cb6f5331","/manifest.json":"aff3449bdc238776f5d6d967f19ec491b36aed5fb7f23ccff6500736fd58494a","/robots.txt":"bfe106a3fb878dc83461c86818bf74fc1bdc7f28538ba613cd3e775516ce8b49","/shop.ico":"1fb64050b285cc093b8d0129ef6895cc1f0c2391fe7ca177a6ebd7cdeb84e569","/static/css/2.a0cad766.chunk.css":"c21861917b0d1a66bedafdead61234db1cd6cae8a3834d50de0e3b427691825b","/static/css/2.a0cad766.chunk.css.map":"d72b1f1b293fc34518b8d8a4eed679bbac3ea9a8381c34f75be808a771adf42f","/static/css/main.28cc995e.chunk.css":"7bc4f7ada221374685f0595b2a4c0bb64eaa06c0eea76db1bdbe304ad489a8e9","/static/css/main.28cc995e.chunk.css.map":"eecf4459b3a4283b9b3a0e330d8d7505bf65ae1717aa6b93f88117cdf158edb1","/static/js/2.5a8ed9c7.chunk.js":"c540e87dfce5ce23171476cddb0dd38aa0b043c6f31c80872964ea06a9847d1d","/static/js/2.5a8ed9c7.chunk.js.LICENSE.txt":"d02d5cf6120f7289b6e3e062603051385712350f2d7fe31d790252e25235dc72","/static/js/2.5a8ed9c7.chunk.js.map":"4cb373fc898358891da7764398d541d147ea7e5e879393a6f4e11796280118ce","/static/js/main.98bb039e.chunk.js":"e4f00e77baca2711d6c7fa3c64259585ecbeedb97032630d1739f640c63d5630","/static/js/main.98bb039e.chunk.js.map":"6d7134d9f65cdbfeaeb88e41751953046485a567aed2ddf39ac831b8c8efecab","/static/js/runtime-main.10affbdc.js":"74e1cc92e86a8bf323e7361e612a71d1253105280c2cb4c604bfcb983060536d","/static/js/runtime-main.10affbdc.js.map":"40e4b8175439c163440dbd9c041869a618b709992a70207e08577f9f698b6911","/static/media/americanexpress.f094ecf9.svg":"006c9b2677f46519166b234f0084f260085e05d9e21f3727f03d24b96607c6cd","/static/media/brand-icons.278156e4.woff2":"2ebbe7de3783c3949604a06fb9beb1d27c9d7cf7e0aaadc0d9f72e57247b33b9","/static/media/brand-icons.65a2fb6d.ttf":"a0d070cd406c91f7683eaf22448700e0b3cd64bb2d25c3150ae20d6262a92968","/static/media/brand-icons.6729d297.svg":"cb9ac3cd861d77606ea1e569ec141086c60fe1b05720496f2c7f0eae28465876","/static/media/brand-icons.cac87dc0.woff":"bc54b585b11b205c8ed78d35af421d3125806b197e33a48a311851e6d3375c7e","/static/media/brand-icons.d68fa3e6.eot":"48d842cdbab9d537d4d90d6e1cd9271f8a2abb420d2456d03443b6a62ab0c39c","/static/media/flags.99f63ae7.png":"cac524e90c64beae88adf680a1f95222e8c6b06f58287e154f07b15cef6e86e9","/static/media/icons.38c6d8ba.woff2":"6160eb4d1b1a5d3b82b3d72eb36e6452386bf3b9b793c104c8e002d9aca791c9","/static/media/icons.425399f8.woff":"cf858e669dd53b1392bedff9f8bb6d56622872a2ca2a1dc87bc0a3bd03458e5e","/static/media/icons.62d9dae4.svg":"639b544f1f822b2b8dd3a2c6ec6c4bab8831e18321fc17195597e303b806d146","/static/media/icons.a01e3f2d.eot":"c0054eb39461c278e6d5cc139366fe4a3719c16399a2f8093ecb1a8e7ddb33e9","/static/media/icons.c656b8ca.ttf":"28e24b8ace4febd9f94823317035c32dc567c64ff8ac7e746af45e1c21dc3eff","/static/media/image1.1cbbd2df.jpg":"c9d0b869b7b3f452f1028fb965e2a3c4a9774cb3daa7eacda705e06629f7578a","/static/media/image10.6a46b493.jpg":"d60bb38e9ab55907663cb6a841c235ea6e9be119589701957450a0fd9bd9945f","/static/media/image2.1c57009d.jpg":"83f7be3f27ab8633b8a9604dfa0d94a5fa9104e904c2b9167eb23d9acbae2637","/static/media/image3.cb9ecc8c.jpg":"5fb9544db2b13c15048ef588c03921b4b1d9488345c80c876a96c77f5d2fda72","/static/media/image4.60cf4e82.jpg":"0f712b18582e4e49522cc4163bde61d85137c0fe221d4c4bae9c499f08e53911","/static/media/image5.ade2513b.jpg":"8014364ed7ae1ae37d82ec2c84f78b443fcaf2449d1fa434be703f09c1e05775","/static/media/image6.6ad6e547.jpg":"4f20407416777bc87842ea07cf8b53f91e2210d0006574482e6374c9eaa81a1a","/static/media/image7.0c91c2b4.jpg":"41a20f2a70f2f3cb34c42f170a54a526541c92f8103c66febb668a0a76e6a56e","/static/media/image8.0a885386.jpg":"029dad5ff469bea5e78cbf6e07844f2071adf2ce77389afd5529e88095e19389","/static/media/image9.f96893a5.jpg":"133a43438865b3972704457d07107b44e1a08eeeed809f25530a69ac530eeab5","/static/media/mastercard.7e382641.svg":"8ba29310282a6cb5dddbb605901b43afbade04c04c3b321b4659a50d1945676c","/static/media/outline-icons.53671035.ttf":"32e73c77d4d2493e85eba07b5d78f5d9dce40c3963f058a85d64889e298a2006","/static/media/outline-icons.687a4990.woff2":"2d89a0faf29706d4b6638ed18f599eef886b74bc0220f1515da12bc156ed7282","/static/media/outline-icons.752905fa.eot":"145a45b76068d4888605c06dfa228697fd81dc70421dd8ab69788e76b33b139a","/static/media/outline-icons.9c4845b4.svg":"bc4b3fad701e9901f04a655687ac130024a87230db6c5dac6809fd8416bb2cba","/static/media/outline-icons.ddae9b1b.woff":"ab55aa410cd37e4558b5f08ed994df507363e040bcebaa508f701a7423b0e001","/static/media/paypal.f7a41c80.svg":"b0078ee5784fcd71cf5b1e0ddd516c70ff07f66c3f4a90a4507b3243164258a9","/static/media/slick.2630a3e3.svg":"d00477d40ed40fa1dd3bdee27d9286804121b15fea83bae7d5415d902b055de0","/static/media/slick.29518378.woff":"029a727c9e1081d2f9e1015f02f18da88f268512ea4f58589a6f17f532928530","/static/media/slick.a4e97f5a.eot":"52b9a169969e053d43df6bd21c4dc789c2518d99afd8590a17ef50cd24c77cf6","/static/media/slick.c94f7671.ttf":"6aad751007cf9a89350af287f824ab64f096c472c7c9c679fb3d55b6174fc004","/static/media/unionpay.4b59c5cf.svg":"8a8a370b79b8de98915ceb90bd6a1849ad4f3de3156eb1677f554056857a6fcb","/static/media/visa.5d7d9bb6.svg":"f0258ab2d0721e1fa123f02359f751a3edd43d3c69c69cc44cefe9a96d5999aa"}}
[debug] [2021-01-26T17:59:06.095Z] <<< [apiv2][status] POST https://firebasehosting.googleapis.com/v1beta1/sites/e-commerce-app-f109f/versions/ca819c8a85a452a1:populateFiles 200
[debug] [2021-01-26T17:59:06.095Z] <<< [apiv2][body] POST https://firebasehosting.googleapis.com/v1beta1/sites/e-commerce-app-f109f/versions/ca819c8a85a452a1:populateFiles {"uploadRequiredHashes":["e4f00e77baca2711d6c7fa3c64259585ecbeedb97032630d1739f640c63d5630","6d7134d9f65cdbfeaeb88e41751953046485a567aed2ddf39ac831b8c8efecab","4cb373fc898358891da7764398d541d147ea7e5e879393a6f4e11796280118ce"],"uploadUrl":"https://upload-firebasehosting.googleapis.com/upload/sites/e-commerce-app-f109f/versions/ca819c8a85a452a1/files"}
[debug] [2021-01-26T17:59:06.100Z] >>> [apiv2][query] POST https://upload-firebasehosting.googleapis.com/upload/sites/e-commerce-app-f109f/versions/ca819c8a85a452a1/files/e4f00e77baca2711d6c7fa3c64259585ecbeedb97032630d1739f640c63d5630 [none]
[debug] [2021-01-26T17:59:06.100Z] >>> [apiv2][body] POST https://upload-firebasehosting.googleapis.com/upload/sites/e-commerce-app-f109f/versions/ca819c8a85a452a1/files/e4f00e77baca2711d6c7fa3c64259585ecbeedb97032630d1739f640c63d5630 [stream]
[debug] [2021-01-26T17:59:06.102Z] >>> [apiv2][query] POST https://upload-firebasehosting.googleapis.com/upload/sites/e-commerce-app-f109f/versions/ca819c8a85a452a1/files/6d7134d9f65cdbfeaeb88e41751953046485a567aed2ddf39ac831b8c8efecab [none]
[debug] [2021-01-26T17:59:06.103Z] >>> [apiv2][body] POST https://upload-firebasehosting.googleapis.com/upload/sites/e-commerce-app-f109f/versions/ca819c8a85a452a1/files/6d7134d9f65cdbfeaeb88e41751953046485a567aed2ddf39ac831b8c8efecab [stream]
[debug] [2021-01-26T17:59:06.104Z] >>> [apiv2][query] POST https://upload-firebasehosting.googleapis.com/upload/sites/e-commerce-app-f109f/versions/ca819c8a85a452a1/files/4cb373fc898358891da7764398d541d147ea7e5e879393a6f4e11796280118ce [none]
[debug] [2021-01-26T17:59:06.104Z] >>> [apiv2][body] POST https://upload-firebasehosting.googleapis.com/upload/sites/e-commerce-app-f109f/versions/ca819c8a85a452a1/files/4cb373fc898358891da7764398d541d147ea7e5e879393a6f4e11796280118ce [stream]
[debug] [2021-01-26T17:59:06.105Z] [hosting][populate queue][FINAL] {"max":2887,"min":2887,"avg":2887,"active":0,"complete":1,"success":1,"errored":0,"retried":0,"total":1,"elapsed":2892}
[debug] [2021-01-26T17:59:06.106Z] [hosting] uploads queued: 3
[debug] [2021-01-26T17:59:51.025Z] ----------------------------------------------------------------------
[debug] [2021-01-26T17:59:51.027Z] Command:       C:\Program Files\nodejs\node.exe C:\Program Files\nodejs\node_modules\firebase-tools\lib\bin\firebase.js hosting:channel:deploy e-commerce
[debug] [2021-01-26T17:59:51.027Z] CLI Version:   8.17.0
[debug] [2021-01-26T17:59:51.028Z] Platform:      win32
[debug] [2021-01-26T17:59:51.028Z] Node Version:  v12.13.0
[debug] [2021-01-26T17:59:51.029Z] Time:          Tue Jan 26 2021 19:59:51 GMT+0200 (Eastern European Standard Time)
[debug] [2021-01-26T17:59:51.029Z] ----------------------------------------------------------------------
[debug] [2021-01-26T17:59:51.029Z] 
[debug] [2021-01-26T17:59:51.037Z] > command requires scopes: ["email","openid","https://www.googleapis.com/auth/cloudplatformprojects.readonly","https://www.googleapis.com/auth/firebase","https://www.googleapis.com/auth/cloud-platform"]
[debug] [2021-01-26T17:59:51.037Z] > authorizing via signed-in user
[debug] [2021-01-26T17:59:51.038Z] [iam] checking project e-commerce-app-f109f for permissions ["firebase.projects.get","firebasehosting.sites.update"]
[debug] [2021-01-26T17:59:51.041Z] > refreshing access token with scopes: ["email","https://www.googleapis.com/auth/cloud-platform","https://www.googleapis.com/auth/cloudplatformprojects.readonly","https://www.googleapis.com/auth/firebase","openid"]
[debug] [2021-01-26T17:59:51.041Z] >>> HTTP REQUEST POST https://www.googleapis.com/oauth2/v3/token  
 <request body omitted>
[debug] [2021-01-26T17:59:51.426Z] <<< HTTP RESPONSE 200 {"pragma":"no-cache","date":"Tue, 26 Jan 2021 17:59:51 GMT","expires":"Mon, 01 Jan 1990 00:00:00 GMT","cache-control":"no-cache, no-store, max-age=0, must-revalidate","content-type":"application/json; charset=utf-8","vary":"X-Origin, Referer, Origin,Accept-Encoding","server":"scaffolding on HTTPServer2","x-xss-protection":"0","x-frame-options":"SAMEORIGIN","x-content-type-options":"nosniff","alt-svc":"h3-29=\":443\"; ma=2592000,h3-T051=\":443\"; ma=2592000,h3-Q050=\":443\"; ma=2592000,h3-Q046=\":443\"; ma=2592000,h3-Q043=\":443\"; ma=2592000,quic=\":443\"; ma=2592000; v=\"46,43\"","accept-ranges":"none","transfer-encoding":"chunked"}
[debug] [2021-01-26T17:59:51.480Z] >>> HTTP REQUEST POST https://cloudresourcemanager.googleapis.com/v1/projects/e-commerce-app-f109f:testIamPermissions  
 {"permissions":["firebase.projects.get","firebasehosting.sites.update"]}
[debug] [2021-01-26T17:59:52.376Z] <<< HTTP RESPONSE 200 {"content-type":"application/json; charset=UTF-8","vary":"X-Origin, Referer, Origin,Accept-Encoding","date":"Tue, 26 Jan 2021 17:59:52 GMT","server":"ESF","cache-control":"private","x-xss-protection":"0","x-frame-options":"SAMEORIGIN","x-content-type-options":"nosniff","server-timing":"gfet4t7; dur=626","alt-svc":"h3-29=\":443\"; ma=2592000,h3-T051=\":443\"; ma=2592000,h3-Q050=\":443\"; ma=2592000,h3-Q046=\":443\"; ma=2592000,h3-Q043=\":443\"; ma=2592000,quic=\":443\"; ma=2592000; v=\"46,43\"","accept-ranges":"none","transfer-encoding":"chunked"}
[debug] [2021-01-26T17:59:52.377Z] >>> HTTP REQUEST GET https://firebase.googleapis.com/v1beta1/projects/e-commerce-app-f109f  
 
[debug] [2021-01-26T17:59:52.835Z] <<< HTTP RESPONSE 200 {"content-type":"application/json; charset=UTF-8","vary":"X-Origin, Referer, Origin,Accept-Encoding","date":"Tue, 26 Jan 2021 17:59:52 GMT","server":"ESF","cache-control":"private","x-xss-protection":"0","x-frame-options":"SAMEORIGIN","x-content-type-options":"nosniff","alt-svc":"h3-29=\":443\"; ma=2592000,h3-T051=\":443\"; ma=2592000,h3-Q050=\":443\"; ma=2592000,h3-Q046=\":443\"; ma=2592000,h3-Q043=\":443\"; ma=2592000,quic=\":443\"; ma=2592000; v=\"46,43\"","accept-ranges":"none","transfer-encoding":"chunked"}
[debug] [2021-01-26T17:59:52.838Z] > refreshing access token with scopes: []
[debug] [2021-01-26T17:59:52.838Z] >>> HTTP REQUEST POST https://www.googleapis.com/oauth2/v3/token  
 <request body omitted>
[debug] [2021-01-26T17:59:53.134Z] <<< HTTP RESPONSE 200 {"cache-control":"no-cache, no-store, max-age=0, must-revalidate","pragma":"no-cache","expires":"Mon, 01 Jan 1990 00:00:00 GMT","date":"Tue, 26 Jan 2021 17:59:53 GMT","content-type":"application/json; charset=utf-8","vary":"X-Origin, Referer, Origin,Accept-Encoding","server":"scaffolding on HTTPServer2","x-xss-protection":"0","x-frame-options":"SAMEORIGIN","x-content-type-options":"nosniff","alt-svc":"h3-29=\":443\"; ma=2592000,h3-T051=\":443\"; ma=2592000,h3-Q050=\":443\"; ma=2592000,h3-Q046=\":443\"; ma=2592000,h3-Q043=\":443\"; ma=2592000,quic=\":443\"; ma=2592000; v=\"46,43\"","accept-ranges":"none","transfer-encoding":"chunked"}
[debug] [2021-01-26T17:59:53.203Z] >>> [apiv2][query] GET https://firebasehosting.googleapis.com/v1beta1/projects/e-commerce-app-f109f/sites/e-commerce-app-f109f/channels/e-commerce [none]
[debug] [2021-01-26T17:59:54.174Z] <<< [apiv2][status] GET https://firebasehosting.googleapis.com/v1beta1/projects/e-commerce-app-f109f/sites/e-commerce-app-f109f/channels/e-commerce 404
[debug] [2021-01-26T17:59:54.174Z] <<< [apiv2][body] GET https://firebasehosting.googleapis.com/v1beta1/projects/e-commerce-app-f109f/sites/e-commerce-app-f109f/channels/e-commerce {"error":{"code":404,"message":"Requested entity was not found.","status":"NOT_FOUND"}}
[debug] [2021-01-26T17:59:54.175Z] [hosting] found existing channel for site e-commerce-app-f109f null
[debug] [2021-01-26T17:59:54.176Z] >>> [apiv2][query] POST https://firebasehosting.googleapis.com/v1beta1/projects/e-commerce-app-f109f/sites/e-commerce-app-f109f/channels?channelId=e-commerce [none]
[debug] [2021-01-26T17:59:54.176Z] >>> [apiv2][body] POST https://firebasehosting.googleapis.com/v1beta1/projects/e-commerce-app-f109f/sites/e-commerce-app-f109f/channels?channelId=e-commerce {"ttl":"604800s"}
[debug] [2021-01-26T17:59:55.273Z] <<< [apiv2][status] POST https://firebasehosting.googleapis.com/v1beta1/projects/e-commerce-app-f109f/sites/e-commerce-app-f109f/channels?channelId=e-commerce 200
[debug] [2021-01-26T17:59:55.274Z] <<< [apiv2][body] POST https://firebasehosting.googleapis.com/v1beta1/projects/e-commerce-app-f109f/sites/e-commerce-app-f109f/channels?channelId=e-commerce {"name":"projects/990459099664/sites/e-commerce-app-f109f/channels/e-commerce","url":"https://e-commerce-app-f109f--e-commerce-b96icqhc.web.app","createTime":"2021-01-26T17:59:55.207550881Z","updateTime":"2021-01-26T17:59:55.207550881Z","retainedReleaseCount":10,"expireTime":"2021-02-02T17:59:55.207550881Z"}
[debug] [2021-01-26T17:59:55.274Z] [hosting] created new channnel for site e-commerce-app-f109f {"name":"projects/990459099664/sites/e-commerce-app-f109f/channels/e-commerce","url":"https://e-commerce-app-f109f--e-commerce-b96icqhc.web.app","createTime":"2021-01-26T17:59:55.207550881Z","updateTime":"2021-01-26T17:59:55.207550881Z","retainedReleaseCount":10,"expireTime":"2021-02-02T17:59:55.207550881Z"}
[debug] [2021-01-26T17:59:55.276Z] > refreshing access token with scopes: ["email","https://www.googleapis.com/auth/cloud-platform","https://www.googleapis.com/auth/cloudplatformprojects.readonly","https://www.googleapis.com/auth/firebase","openid"]
[debug] [2021-01-26T17:59:55.276Z] >>> HTTP REQUEST POST https://www.googleapis.com/oauth2/v3/token  
 <request body omitted>
[debug] [2021-01-26T17:59:55.591Z] <<< HTTP RESPONSE 200 {"date":"Tue, 26 Jan 2021 17:59:55 GMT","cache-control":"no-cache, no-store, max-age=0, must-revalidate","pragma":"no-cache","expires":"Mon, 01 Jan 1990 00:00:00 GMT","content-type":"application/json; charset=utf-8","vary":"X-Origin, Referer, Origin,Accept-Encoding","server":"scaffolding on HTTPServer2","x-xss-protection":"0","x-frame-options":"SAMEORIGIN","x-content-type-options":"nosniff","alt-svc":"h3-29=\":443\"; ma=2592000,h3-T051=\":443\"; ma=2592000,h3-Q050=\":443\"; ma=2592000,h3-Q046=\":443\"; ma=2592000,h3-Q043=\":443\"; ma=2592000,quic=\":443\"; ma=2592000; v=\"46,43\"","accept-ranges":"none","transfer-encoding":"chunked"}
[debug] [2021-01-26T17:59:55.734Z] >>> HTTP REQUEST GET https://identitytoolkit.googleapis.com/admin/v2/projects/e-commerce-app-f109f/config  
 
[debug] [2021-01-26T17:59:56.293Z] <<< HTTP RESPONSE 404 {"expires":"Mon, 01 Jan 1990 00:00:00 GMT","date":"Tue, 26 Jan 2021 17:59:56 GMT","cache-control":"no-cache, no-store, max-age=0, must-revalidate","pragma":"no-cache","vary":"X-Origin, Referer, Origin,Accept-Encoding","content-type":"application/json; charset=UTF-8","server":"ESF","x-xss-protection":"0","x-frame-options":"SAMEORIGIN","x-content-type-options":"nosniff","alt-svc":"h3-29=\":443\"; ma=2592000,h3-T051=\":443\"; ma=2592000,h3-Q050=\":443\"; ma=2592000,h3-Q046=\":443\"; ma=2592000,h3-Q043=\":443\"; ma=2592000,quic=\":443\"; ma=2592000; v=\"46,43\"","accept-ranges":"none","transfer-encoding":"chunked"}
[debug] [2021-01-26T17:59:56.293Z] <<< HTTP RESPONSE BODY {"error":{"code":404,"message":"CONFIGURATION_NOT_FOUND","status":"NOT_FOUND"}}
[warn] !  hosting:channel: Unable to add channel domain to Firebase Auth. Visit the Firebase Console at https://console.firebase.google.com/project/e-commerce-app-f109f/authentication/providers

 
[debug] [2021-01-26T17:59:56.427Z] [hosting] unable to add auth domain HTTP Error: 404, CONFIGURATION_NOT_FOUND {"name":"FirebaseError","children":[],"context":{"body":{"error":{"code":404,"message":"CONFIGURATION_NOT_FOUND","status":"NOT_FOUND"}},"response":{"statusCode":404,"body":{"error":{"code":404,"message":"CONFIGURATION_NOT_FOUND","status":"NOT_FOUND"}},"headers":{"expires":"Mon, 01 Jan 1990 00:00:00 GMT","date":"Tue, 26 Jan 2021 17:59:56 GMT","cache-control":"no-cache, no-store, max-age=0, must-revalidate","pragma":"no-cache","vary":"X-Origin, Referer, Origin,Accept-Encoding","content-type":"application/json; charset=UTF-8","server":"ESF","x-xss-protection":"0","x-frame-options":"SAMEORIGIN","x-content-type-options":"nosniff","alt-svc":"h3-29=\":443\"; ma=2592000,h3-T051=\":443\"; ma=2592000,h3-Q050=\":443\"; ma=2592000,h3-Q046=\":443\"; ma=2592000,h3-Q043=\":443\"; ma=2592000,quic=\":443\"; ma=2592000; v=\"46,43\"","accept-ranges":"none","transfer-encoding":"chunked"},"request":{"uri":{"protocol":"https:","slashes":true,"auth":null,"host":"identitytoolkit.googleapis.com","port":443,"hostname":"identitytoolkit.googleapis.com","hash":null,"search":null,"query":null,"pathname":"/admin/v2/projects/e-commerce-app-f109f/config","path":"/admin/v2/projects/e-commerce-app-f109f/config","href":"https://identitytoolkit.googleapis.com/admin/v2/projects/e-commerce-app-f109f/config"},"method":"GET"}}},"exit":1,"message":"HTTP Error: 404, CONFIGURATION_NOT_FOUND","status":404}
[debug] [2021-01-26T17:59:56.458Z] > refreshing access token with scopes: []
[debug] [2021-01-26T17:59:56.459Z] >>> HTTP REQUEST POST https://www.googleapis.com/oauth2/v3/token  
 <request body omitted>
[debug] [2021-01-26T17:59:56.770Z] <<< HTTP RESPONSE 200 {"pragma":"no-cache","expires":"Mon, 01 Jan 1990 00:00:00 GMT","date":"Tue, 26 Jan 2021 17:59:56 GMT","cache-control":"no-cache, no-store, max-age=0, must-revalidate","content-type":"application/json; charset=utf-8","vary":"X-Origin, Referer, Origin,Accept-Encoding","server":"scaffolding on HTTPServer2","x-xss-protection":"0","x-frame-options":"SAMEORIGIN","x-content-type-options":"nosniff","alt-svc":"h3-29=\":443\"; ma=2592000,h3-T051=\":443\"; ma=2592000,h3-Q050=\":443\"; ma=2592000,h3-Q046=\":443\"; ma=2592000,h3-Q043=\":443\"; ma=2592000,quic=\":443\"; ma=2592000; v=\"46,43\"","accept-ranges":"none","transfer-encoding":"chunked"}
[debug] [2021-01-26T17:59:56.835Z] >>> [apiv2][query] GET https://firebasehosting.googleapis.com/v1beta1/projects/e-commerce-app-f109f/sites/e-commerce-app-f109f/channels pageToken=&pageSize=10
[debug] [2021-01-26T17:59:57.840Z] <<< [apiv2][status] GET https://firebasehosting.googleapis.com/v1beta1/projects/e-commerce-app-f109f/sites/e-commerce-app-f109f/channels 200
[debug] [2021-01-26T17:59:57.840Z] <<< [apiv2][body] GET https://firebasehosting.googleapis.com/v1beta1/projects/e-commerce-app-f109f/sites/e-commerce-app-f109f/channels {"channels":[{"name":"projects/990459099664/sites/e-commerce-app-f109f/channels/e-commerce","url":"https://e-commerce-app-f109f--e-commerce-b96icqhc.web.app","createTime":"2021-01-26T17:59:55.207550881Z","updateTime":"2021-01-26T17:59:55.207550881Z","retainedReleaseCount":10,"expireTime":"2021-02-02T17:59:55.207550881Z"},{"name":"projects/990459099664/sites/e-commerce-app-f109f/channels/live","url":"https://e-commerce-app-f109f.web.app","createTime":"2021-01-26T17:46:54.820970360Z","updateTime":"2021-01-26T17:46:54.820970360Z","retainedReleaseCount":2147483647}]}
[debug] [2021-01-26T17:59:57.841Z] > refreshing access token with scopes: ["email","https://www.googleapis.com/auth/cloud-platform","https://www.googleapis.com/auth/cloudplatformprojects.readonly","https://www.googleapis.com/auth/firebase","openid"]
[debug] [2021-01-26T17:59:57.841Z] >>> HTTP REQUEST POST https://www.googleapis.com/oauth2/v3/token  
 <request body omitted>
[debug] [2021-01-26T17:59:58.140Z] <<< HTTP RESPONSE 200 {"expires":"Mon, 01 Jan 1990 00:00:00 GMT","date":"Tue, 26 Jan 2021 17:59:58 GMT","pragma":"no-cache","cache-control":"no-cache, no-store, max-age=0, must-revalidate","content-type":"application/json; charset=utf-8","vary":"X-Origin, Referer, Origin,Accept-Encoding","server":"scaffolding on HTTPServer2","x-xss-protection":"0","x-frame-options":"SAMEORIGIN","x-content-type-options":"nosniff","alt-svc":"h3-29=\":443\"; ma=2592000,h3-T051=\":443\"; ma=2592000,h3-Q050=\":443\"; ma=2592000,h3-Q046=\":443\"; ma=2592000,h3-Q043=\":443\"; ma=2592000,quic=\":443\"; ma=2592000; v=\"46,43\"","accept-ranges":"none","transfer-encoding":"chunked"}
[debug] [2021-01-26T17:59:58.190Z] >>> HTTP REQUEST GET https://identitytoolkit.googleapis.com/admin/v2/projects/e-commerce-app-f109f/config  
 
[debug] [2021-01-26T17:59:58.741Z] <<< HTTP RESPONSE 404 {"expires":"Mon, 01 Jan 1990 00:00:00 GMT","pragma":"no-cache","date":"Tue, 26 Jan 2021 17:59:58 GMT","cache-control":"no-cache, no-store, max-age=0, must-revalidate","vary":"X-Origin, Referer, Origin,Accept-Encoding","content-type":"application/json; charset=UTF-8","server":"ESF","x-xss-protection":"0","x-frame-options":"SAMEORIGIN","x-content-type-options":"nosniff","alt-svc":"h3-29=\":443\"; ma=2592000,h3-T051=\":443\"; ma=2592000,h3-Q050=\":443\"; ma=2592000,h3-Q046=\":443\"; ma=2592000,h3-Q043=\":443\"; ma=2592000,quic=\":443\"; ma=2592000; v=\"46,43\"","accept-ranges":"none","transfer-encoding":"chunked"}
[debug] [2021-01-26T17:59:58.741Z] <<< HTTP RESPONSE BODY {"error":{"code":404,"message":"CONFIGURATION_NOT_FOUND","status":"NOT_FOUND"}}
[warn] !  hosting:channel: Unable to sync Firebase Auth state. 
[debug] [2021-01-26T17:59:58.771Z] [hosting] unable to sync auth domain HTTP Error: 404, CONFIGURATION_NOT_FOUND {"name":"FirebaseError","children":[],"context":{"body":{"error":{"code":404,"message":"CONFIGURATION_NOT_FOUND","status":"NOT_FOUND"}},"response":{"statusCode":404,"body":{"error":{"code":404,"message":"CONFIGURATION_NOT_FOUND","status":"NOT_FOUND"}},"headers":{"expires":"Mon, 01 Jan 1990 00:00:00 GMT","pragma":"no-cache","date":"Tue, 26 Jan 2021 17:59:58 GMT","cache-control":"no-cache, no-store, max-age=0, must-revalidate","vary":"X-Origin, Referer, Origin,Accept-Encoding","content-type":"application/json; charset=UTF-8","server":"ESF","x-xss-protection":"0","x-frame-options":"SAMEORIGIN","x-content-type-options":"nosniff","alt-svc":"h3-29=\":443\"; ma=2592000,h3-T051=\":443\"; ma=2592000,h3-Q050=\":443\"; ma=2592000,h3-Q046=\":443\"; ma=2592000,h3-Q043=\":443\"; ma=2592000,quic=\":443\"; ma=2592000; v=\"46,43\"","accept-ranges":"none","transfer-encoding":"chunked"},"request":{"uri":{"protocol":"https:","slashes":true,"auth":null,"host":"identitytoolkit.googleapis.com","port":443,"hostname":"identitytoolkit.googleapis.com","hash":null,"search":null,"query":null,"pathname":"/admin/v2/projects/e-commerce-app-f109f/config","path":"/admin/v2/projects/e-commerce-app-f109f/config","href":"https://identitytoolkit.googleapis.com/admin/v2/projects/e-commerce-app-f109f/config"},"method":"GET"}}},"exit":1,"message":"HTTP Error: 404, CONFIGURATION_NOT_FOUND","status":404}
[info] 
[info] === Deploying to 'e-commerce-app-f109f'...
[info] 
[info] i  deploying hosting 
[debug] [2021-01-26T17:59:58.826Z] >>> HTTP REQUEST POST https://firebasehosting.googleapis.com/v1beta1/sites/e-commerce-app-f109f/versions  
 {"config":{"rewrites":[{"glob":"**","path":"/index.html"}]},"labels":{"deployment-tool":"cli-firebase"}}
[debug] [2021-01-26T18:00:00.388Z] <<< HTTP RESPONSE 200 {"content-type":"application/json; charset=UTF-8","vary":"X-Origin, Referer, Origin,Accept-Encoding","date":"Tue, 26 Jan 2021 18:00:00 GMT","server":"ESF","cache-control":"private","x-xss-protection":"0","x-frame-options":"SAMEORIGIN","x-content-type-options":"nosniff","alt-svc":"h3-29=\":443\"; ma=2592000,h3-T051=\":443\"; ma=2592000,h3-Q050=\":443\"; ma=2592000,h3-Q046=\":443\"; ma=2592000,h3-Q043=\":443\"; ma=2592000,quic=\":443\"; ma=2592000; v=\"46,43\"","accept-ranges":"none","transfer-encoding":"chunked"}
[info] i  hosting[e-commerce-app-f109f]: beginning deploy... 
[info] i  hosting[e-commerce-app-f109f]: found 54 files in build 
[debug] [2021-01-26T18:00:00.542Z] > refreshing access token with scopes: []
[debug] [2021-01-26T18:00:00.542Z] >>> HTTP REQUEST POST https://www.googleapis.com/oauth2/v3/token  
 <request body omitted>
[debug] [2021-01-26T18:00:00.546Z] [hosting] hash cache [YnVpbGQ] stored for 54 files
[debug] [2021-01-26T18:00:00.547Z] [hosting][hash queue][FINAL] {"max":9,"min":0,"avg":0.9238454260265141,"active":0,"complete":54,"success":54,"errored":0,"retried":0,"total":54,"elapsed":15}
[debug] [2021-01-26T18:00:00.856Z] <<< HTTP RESPONSE 200 {"expires":"Mon, 01 Jan 1990 00:00:00 GMT","cache-control":"no-cache, no-store, max-age=0, must-revalidate","pragma":"no-cache","date":"Tue, 26 Jan 2021 18:00:00 GMT","content-type":"application/json; charset=utf-8","vary":"X-Origin, Referer, Origin,Accept-Encoding","server":"scaffolding on HTTPServer2","x-xss-protection":"0","x-frame-options":"SAMEORIGIN","x-content-type-options":"nosniff","alt-svc":"h3-29=\":443\"; ma=2592000,h3-T051=\":443\"; ma=2592000,h3-Q050=\":443\"; ma=2592000,h3-Q046=\":443\"; ma=2592000,h3-Q043=\":443\"; ma=2592000,quic=\":443\"; ma=2592000; v=\"46,43\"","accept-ranges":"none","transfer-encoding":"chunked"}
[debug] [2021-01-26T18:00:00.987Z] >>> [apiv2][query] POST https://firebasehosting.googleapis.com/v1beta1/sites/e-commerce-app-f109f/versions/9bdcd3270af8cc28:populateFiles [none]
[debug] [2021-01-26T18:00:00.988Z] >>> [apiv2][body] POST https://firebasehosting.googleapis.com/v1beta1/sites/e-commerce-app-f109f/versions/9bdcd3270af8cc28:populateFiles {"files":{"/asset-manifest.json":"5aba76c5f26ed79cfdb66df725f6da894f527795b61f4239a3c9b51274370050","/favicon.ico":"d28e68c1df4f276f20a1e992c3e272404bd0c120a3b0167039c19476995cbce0","/index.html":"747a94950f772008204a28c99ac1e5fc6bb2b83127b9a4bb58dd88a69dd382db","/logo192.png":"3ee59515172ee198f3be375979df15ac5345183e656720a381b8872b2a39dc8b","/logo512.png":"ee7e2f3fdb8209c4b6fd7bef6ba50d1b9dba30a25bb5c3126df057e1cb6f5331","/manifest.json":"aff3449bdc238776f5d6d967f19ec491b36aed5fb7f23ccff6500736fd58494a","/robots.txt":"bfe106a3fb878dc83461c86818bf74fc1bdc7f28538ba613cd3e775516ce8b49","/shop.ico":"1fb64050b285cc093b8d0129ef6895cc1f0c2391fe7ca177a6ebd7cdeb84e569","/static/css/2.a0cad766.chunk.css":"c21861917b0d1a66bedafdead61234db1cd6cae8a3834d50de0e3b427691825b","/static/css/2.a0cad766.chunk.css.map":"d72b1f1b293fc34518b8d8a4eed679bbac3ea9a8381c34f75be808a771adf42f","/static/css/main.28cc995e.chunk.css":"7bc4f7ada221374685f0595b2a4c0bb64eaa06c0eea76db1bdbe304ad489a8e9","/static/css/main.28cc995e.chunk.css.map":"eecf4459b3a4283b9b3a0e330d8d7505bf65ae1717aa6b93f88117cdf158edb1","/static/js/2.5a8ed9c7.chunk.js":"c540e87dfce5ce23171476cddb0dd38aa0b043c6f31c80872964ea06a9847d1d","/static/js/2.5a8ed9c7.chunk.js.LICENSE.txt":"d02d5cf6120f7289b6e3e062603051385712350f2d7fe31d790252e25235dc72","/static/js/2.5a8ed9c7.chunk.js.map":"4cb373fc898358891da7764398d541d147ea7e5e879393a6f4e11796280118ce","/static/js/main.98bb039e.chunk.js":"e4f00e77baca2711d6c7fa3c64259585ecbeedb97032630d1739f640c63d5630","/static/js/main.98bb039e.chunk.js.map":"6d7134d9f65cdbfeaeb88e41751953046485a567aed2ddf39ac831b8c8efecab","/static/js/runtime-main.10affbdc.js":"74e1cc92e86a8bf323e7361e612a71d1253105280c2cb4c604bfcb983060536d","/static/js/runtime-main.10affbdc.js.map":"40e4b8175439c163440dbd9c041869a618b709992a70207e08577f9f698b6911","/static/media/americanexpress.f094ecf9.svg":"006c9b2677f46519166b234f0084f260085e05d9e21f3727f03d24b96607c6cd","/static/media/brand-icons.278156e4.woff2":"2ebbe7de3783c3949604a06fb9beb1d27c9d7cf7e0aaadc0d9f72e57247b33b9","/static/media/brand-icons.65a2fb6d.ttf":"a0d070cd406c91f7683eaf22448700e0b3cd64bb2d25c3150ae20d6262a92968","/static/media/brand-icons.6729d297.svg":"cb9ac3cd861d77606ea1e569ec141086c60fe1b05720496f2c7f0eae28465876","/static/media/brand-icons.cac87dc0.woff":"bc54b585b11b205c8ed78d35af421d3125806b197e33a48a311851e6d3375c7e","/static/media/brand-icons.d68fa3e6.eot":"48d842cdbab9d537d4d90d6e1cd9271f8a2abb420d2456d03443b6a62ab0c39c","/static/media/flags.99f63ae7.png":"cac524e90c64beae88adf680a1f95222e8c6b06f58287e154f07b15cef6e86e9","/static/media/icons.38c6d8ba.woff2":"6160eb4d1b1a5d3b82b3d72eb36e6452386bf3b9b793c104c8e002d9aca791c9","/static/media/icons.425399f8.woff":"cf858e669dd53b1392bedff9f8bb6d56622872a2ca2a1dc87bc0a3bd03458e5e","/static/media/icons.62d9dae4.svg":"639b544f1f822b2b8dd3a2c6ec6c4bab8831e18321fc17195597e303b806d146","/static/media/icons.a01e3f2d.eot":"c0054eb39461c278e6d5cc139366fe4a3719c16399a2f8093ecb1a8e7ddb33e9","/static/media/icons.c656b8ca.ttf":"28e24b8ace4febd9f94823317035c32dc567c64ff8ac7e746af45e1c21dc3eff","/static/media/image1.1cbbd2df.jpg":"c9d0b869b7b3f452f1028fb965e2a3c4a9774cb3daa7eacda705e06629f7578a","/static/media/image10.6a46b493.jpg":"d60bb38e9ab55907663cb6a841c235ea6e9be119589701957450a0fd9bd9945f","/static/media/image2.1c57009d.jpg":"83f7be3f27ab8633b8a9604dfa0d94a5fa9104e904c2b9167eb23d9acbae2637","/static/media/image3.cb9ecc8c.jpg":"5fb9544db2b13c15048ef588c03921b4b1d9488345c80c876a96c77f5d2fda72","/static/media/image4.60cf4e82.jpg":"0f712b18582e4e49522cc4163bde61d85137c0fe221d4c4bae9c499f08e53911","/static/media/image5.ade2513b.jpg":"8014364ed7ae1ae37d82ec2c84f78b443fcaf2449d1fa434be703f09c1e05775","/static/media/image6.6ad6e547.jpg":"4f20407416777bc87842ea07cf8b53f91e2210d0006574482e6374c9eaa81a1a","/static/media/image7.0c91c2b4.jpg":"41a20f2a70f2f3cb34c42f170a54a526541c92f8103c66febb668a0a76e6a56e","/static/media/image8.0a885386.jpg":"029dad5ff469bea5e78cbf6e07844f2071adf2ce77389afd5529e88095e19389","/static/media/image9.f96893a5.jpg":"133a43438865b3972704457d07107b44e1a08eeeed809f25530a69ac530eeab5","/static/media/mastercard.7e382641.svg":"8ba29310282a6cb5dddbb605901b43afbade04c04c3b321b4659a50d1945676c","/static/media/outline-icons.53671035.ttf":"32e73c77d4d2493e85eba07b5d78f5d9dce40c3963f058a85d64889e298a2006","/static/media/outline-icons.687a4990.woff2":"2d89a0faf29706d4b6638ed18f599eef886b74bc0220f1515da12bc156ed7282","/static/media/outline-icons.752905fa.eot":"145a45b76068d4888605c06dfa228697fd81dc70421dd8ab69788e76b33b139a","/static/media/outline-icons.9c4845b4.svg":"bc4b3fad701e9901f04a655687ac130024a87230db6c5dac6809fd8416bb2cba","/static/media/outline-icons.ddae9b1b.woff":"ab55aa410cd37e4558b5f08ed994df507363e040bcebaa508f701a7423b0e001","/static/media/paypal.f7a41c80.svg":"b0078ee5784fcd71cf5b1e0ddd516c70ff07f66c3f4a90a4507b3243164258a9","/static/media/slick.2630a3e3.svg":"d00477d40ed40fa1dd3bdee27d9286804121b15fea83bae7d5415d902b055de0","/static/media/slick.29518378.woff":"029a727c9e1081d2f9e1015f02f18da88f268512ea4f58589a6f17f532928530","/static/media/slick.a4e97f5a.eot":"52b9a169969e053d43df6bd21c4dc789c2518d99afd8590a17ef50cd24c77cf6","/static/media/slick.c94f7671.ttf":"6aad751007cf9a89350af287f824ab64f096c472c7c9c679fb3d55b6174fc004","/static/media/unionpay.4b59c5cf.svg":"8a8a370b79b8de98915ceb90bd6a1849ad4f3de3156eb1677f554056857a6fcb","/static/media/visa.5d7d9bb6.svg":"f0258ab2d0721e1fa123f02359f751a3edd43d3c69c69cc44cefe9a96d5999aa"}}
[debug] [2021-01-26T18:00:02.370Z] <<< [apiv2][status] POST https://firebasehosting.googleapis.com/v1beta1/sites/e-commerce-app-f109f/versions/9bdcd3270af8cc28:populateFiles 200
[debug] [2021-01-26T18:00:02.371Z] <<< [apiv2][body] POST https://firebasehosting.googleapis.com/v1beta1/sites/e-commerce-app-f109f/versions/9bdcd3270af8cc28:populateFiles {"uploadRequiredHashes":["4cb373fc898358891da7764398d541d147ea7e5e879393a6f4e11796280118ce","6d7134d9f65cdbfeaeb88e41751953046485a567aed2ddf39ac831b8c8efecab","e4f00e77baca2711d6c7fa3c64259585ecbeedb97032630d1739f640c63d5630"],"uploadUrl":"https://upload-firebasehosting.googleapis.com/upload/sites/e-commerce-app-f109f/versions/9bdcd3270af8cc28/files"}
[debug] [2021-01-26T18:00:02.373Z] >>> [apiv2][query] POST https://upload-firebasehosting.googleapis.com/upload/sites/e-commerce-app-f109f/versions/9bdcd3270af8cc28/files/4cb373fc898358891da7764398d541d147ea7e5e879393a6f4e11796280118ce [none]
[debug] [2021-01-26T18:00:02.373Z] >>> [apiv2][body] POST https://upload-firebasehosting.googleapis.com/upload/sites/e-commerce-app-f109f/versions/9bdcd3270af8cc28/files/4cb373fc898358891da7764398d541d147ea7e5e879393a6f4e11796280118ce [stream]
[debug] [2021-01-26T18:00:02.376Z] >>> [apiv2][query] POST https://upload-firebasehosting.googleapis.com/upload/sites/e-commerce-app-f109f/versions/9bdcd3270af8cc28/files/6d7134d9f65cdbfeaeb88e41751953046485a567aed2ddf39ac831b8c8efecab [none]
[debug] [2021-01-26T18:00:02.376Z] >>> [apiv2][body] POST https://upload-firebasehosting.googleapis.com/upload/sites/e-commerce-app-f109f/versions/9bdcd3270af8cc28/files/6d7134d9f65cdbfeaeb88e41751953046485a567aed2ddf39ac831b8c8efecab [stream]
[debug] [2021-01-26T18:00:02.377Z] >>> [apiv2][query] POST https://upload-firebasehosting.googleapis.com/upload/sites/e-commerce-app-f109f/versions/9bdcd3270af8cc28/files/e4f00e77baca2711d6c7fa3c64259585ecbeedb97032630d1739f640c63d5630 [none]
[debug] [2021-01-26T18:00:02.378Z] >>> [apiv2][body] POST https://upload-firebasehosting.googleapis.com/upload/sites/e-commerce-app-f109f/versions/9bdcd3270af8cc28/files/e4f00e77baca2711d6c7fa3c64259585ecbeedb97032630d1739f640c63d5630 [stream]
[debug] [2021-01-26T18:00:02.379Z] [hosting][populate queue][FINAL] {"max":1831,"min":1831,"avg":1831,"active":0,"complete":1,"success":1,"errored":0,"retried":0,"total":1,"elapsed":1837}
[debug] [2021-01-26T18:00:02.379Z] [hosting] uploads queued: 3
